d:\university\term_5\osisp\laba_2_table\x64\debug\vc143.pdb
d:\university\term_5\osisp\laba_2_table\x64\debug\vc143.idb
d:\university\term_5\osisp\laba_2_table\x64\debug\laba_2_table.obj
d:\university\term_5\osisp\laba_2_table\x64\debug\laba_2_table.res
d:\university\term_5\osisp\laba_2_table\x64\debug\laba_2_table.pdb
d:\university\term_5\osisp\laba_2_table\x64\debug\laba_2_table.tlog\cl.command.1.tlog
d:\university\term_5\osisp\laba_2_table\x64\debug\laba_2_table.tlog\cl.read.1.tlog
d:\university\term_5\osisp\laba_2_table\x64\debug\laba_2_table.tlog\cl.write.1.tlog
d:\university\term_5\osisp\laba_2_table\x64\debug\laba_2_table.tlog\link.25936-cvtres.read.1.tlog
d:\university\term_5\osisp\laba_2_table\x64\debug\laba_2_table.tlog\link.25936-cvtres.write.1.tlog
d:\university\term_5\osisp\laba_2_table\x64\debug\laba_2_table.tlog\link.25936-rc.read.1.tlog
d:\university\term_5\osisp\laba_2_table\x64\debug\laba_2_table.tlog\link.25936-rc.write.1.tlog
d:\university\term_5\osisp\laba_2_table\x64\debug\laba_2_table.tlog\link.25936.read.1.tlog
d:\university\term_5\osisp\laba_2_table\x64\debug\laba_2_table.tlog\link.25936.read.2.tlog
d:\university\term_5\osisp\laba_2_table\x64\debug\laba_2_table.tlog\link.25936.write.1.tlog
d:\university\term_5\osisp\laba_2_table\x64\debug\laba_2_table.tlog\link.command.1.tlog
d:\university\term_5\osisp\laba_2_table\x64\debug\laba_2_table.tlog\link.read.1.tlog
d:\university\term_5\osisp\laba_2_table\x64\debug\laba_2_table.tlog\link.write.1.tlog
d:\university\term_5\osisp\laba_2_table\x64\debug\laba_2_table.tlog\rc.command.1.tlog
d:\university\term_5\osisp\laba_2_table\x64\debug\laba_2_table.tlog\rc.read.1.tlog
d:\university\term_5\osisp\laba_2_table\x64\debug\laba_2_table.tlog\rc.write.1.tlog
